c:\users\aconc\desktop\mis_archivos\computer_science_unsa\computación gráfica\laboratorio\glfw_glad_glut_glew_cmake_project\build\mak.vc16\x64\src\laboratorio_03_mod\laboratorio_03_mod.dir\debug\vc143.pdb
c:\users\aconc\desktop\mis_archivos\computer_science_unsa\computación gráfica\laboratorio\glfw_glad_glut_glew_cmake_project\build\mak.vc16\x64\src\laboratorio_03_mod\laboratorio_03_mod.dir\debug\glad.obj
c:\users\aconc\desktop\mis_archivos\computer_science_unsa\computación gráfica\laboratorio\glfw_glad_glut_glew_cmake_project\build\mak.vc16\x64\src\laboratorio_03_mod\laboratorio_03_mod.dir\debug\main.obj
c:\users\aconc\desktop\mis_archivos\computer_science_unsa\computación gráfica\laboratorio\glfw_glad_glut_glew_cmake_project\build\mak.vc16\x64\src\laboratorio_03_mod\cmakefiles\generate.stamp
c:\users\aconc\appdata\local\temp\lnk{c7e0abdb-21cb-42c3-8b24-24f4c4cd1a47}.tmp
c:\users\aconc\appdata\local\temp\lnk{d41b4c98-1c60-46cc-a68e-0e9f47e9ffd6}.tmp
c:\users\aconc\appdata\local\temp\lnk{862d2fe1-31bc-473b-a1e3-1404b42e38de}.tmp
c:\users\aconc\appdata\local\temp\lnk{04c51476-86bc-48ac-8663-3481f058b58e}.tmp
c:\users\aconc\desktop\mis_archivos\computer_science_unsa\computación gráfica\laboratorio\glfw_glad_glut_glew_cmake_project\build\mak.vc16\x64\src\laboratorio_03_mod\laboratorio_03_mod.dir\debug\laboratorio_03_mod.ilk
c:\users\aconc\desktop\mis_archivos\computer_science_unsa\computación gráfica\laboratorio\glfw_glad_glut_glew_cmake_project\build\mak.vc16\x64\src\laboratorio_03_mod\debug\laboratorio_03_mod.exe
c:\users\aconc\desktop\mis_archivos\computer_science_unsa\computación gráfica\laboratorio\glfw_glad_glut_glew_cmake_project\build\mak.vc16\x64\src\laboratorio_03_mod\debug\laboratorio_03_mod.pdb
c:\users\aconc\desktop\mis_archivos\computer_science_unsa\computación gráfica\laboratorio\glfw_glad_glut_glew_cmake_project\build\mak.vc16\x64\src\laboratorio_03_mod\laboratorio_03_mod.dir\debug\laborato.5bb1af02.tlog\cl.command.1.tlog
c:\users\aconc\desktop\mis_archivos\computer_science_unsa\computación gráfica\laboratorio\glfw_glad_glut_glew_cmake_project\build\mak.vc16\x64\src\laboratorio_03_mod\laboratorio_03_mod.dir\debug\laborato.5bb1af02.tlog\cl.read.1.tlog
c:\users\aconc\desktop\mis_archivos\computer_science_unsa\computación gráfica\laboratorio\glfw_glad_glut_glew_cmake_project\build\mak.vc16\x64\src\laboratorio_03_mod\laboratorio_03_mod.dir\debug\laborato.5bb1af02.tlog\cl.write.1.tlog
c:\users\aconc\desktop\mis_archivos\computer_science_unsa\computación gráfica\laboratorio\glfw_glad_glut_glew_cmake_project\build\mak.vc16\x64\src\laboratorio_03_mod\laboratorio_03_mod.dir\debug\laborato.5bb1af02.tlog\custombuild.command.1.tlog
c:\users\aconc\desktop\mis_archivos\computer_science_unsa\computación gráfica\laboratorio\glfw_glad_glut_glew_cmake_project\build\mak.vc16\x64\src\laboratorio_03_mod\laboratorio_03_mod.dir\debug\laborato.5bb1af02.tlog\custombuild.read.1.tlog
c:\users\aconc\desktop\mis_archivos\computer_science_unsa\computación gráfica\laboratorio\glfw_glad_glut_glew_cmake_project\build\mak.vc16\x64\src\laboratorio_03_mod\laboratorio_03_mod.dir\debug\laborato.5bb1af02.tlog\custombuild.write.1.tlog
c:\users\aconc\desktop\mis_archivos\computer_science_unsa\computación gráfica\laboratorio\glfw_glad_glut_glew_cmake_project\build\mak.vc16\x64\src\laboratorio_03_mod\laboratorio_03_mod.dir\debug\laborato.5bb1af02.tlog\link-cvtres.read.1.tlog
c:\users\aconc\desktop\mis_archivos\computer_science_unsa\computación gráfica\laboratorio\glfw_glad_glut_glew_cmake_project\build\mak.vc16\x64\src\laboratorio_03_mod\laboratorio_03_mod.dir\debug\laborato.5bb1af02.tlog\link-cvtres.write.1.tlog
c:\users\aconc\desktop\mis_archivos\computer_science_unsa\computación gráfica\laboratorio\glfw_glad_glut_glew_cmake_project\build\mak.vc16\x64\src\laboratorio_03_mod\laboratorio_03_mod.dir\debug\laborato.5bb1af02.tlog\link-rc.read.1.tlog
c:\users\aconc\desktop\mis_archivos\computer_science_unsa\computación gráfica\laboratorio\glfw_glad_glut_glew_cmake_project\build\mak.vc16\x64\src\laboratorio_03_mod\laboratorio_03_mod.dir\debug\laborato.5bb1af02.tlog\link-rc.write.1.tlog
c:\users\aconc\desktop\mis_archivos\computer_science_unsa\computación gráfica\laboratorio\glfw_glad_glut_glew_cmake_project\build\mak.vc16\x64\src\laboratorio_03_mod\laboratorio_03_mod.dir\debug\laborato.5bb1af02.tlog\link.27240-cvtres.read.1.tlog
c:\users\aconc\desktop\mis_archivos\computer_science_unsa\computación gráfica\laboratorio\glfw_glad_glut_glew_cmake_project\build\mak.vc16\x64\src\laboratorio_03_mod\laboratorio_03_mod.dir\debug\laborato.5bb1af02.tlog\link.27240-cvtres.write.1.tlog
c:\users\aconc\desktop\mis_archivos\computer_science_unsa\computación gráfica\laboratorio\glfw_glad_glut_glew_cmake_project\build\mak.vc16\x64\src\laboratorio_03_mod\laboratorio_03_mod.dir\debug\laborato.5bb1af02.tlog\link.27240-rc.read.1.tlog
c:\users\aconc\desktop\mis_archivos\computer_science_unsa\computación gráfica\laboratorio\glfw_glad_glut_glew_cmake_project\build\mak.vc16\x64\src\laboratorio_03_mod\laboratorio_03_mod.dir\debug\laborato.5bb1af02.tlog\link.27240-rc.write.1.tlog
c:\users\aconc\desktop\mis_archivos\computer_science_unsa\computación gráfica\laboratorio\glfw_glad_glut_glew_cmake_project\build\mak.vc16\x64\src\laboratorio_03_mod\laboratorio_03_mod.dir\debug\laborato.5bb1af02.tlog\link.27240.read.1.tlog
c:\users\aconc\desktop\mis_archivos\computer_science_unsa\computación gráfica\laboratorio\glfw_glad_glut_glew_cmake_project\build\mak.vc16\x64\src\laboratorio_03_mod\laboratorio_03_mod.dir\debug\laborato.5bb1af02.tlog\link.27240.read.2.tlog
c:\users\aconc\desktop\mis_archivos\computer_science_unsa\computación gráfica\laboratorio\glfw_glad_glut_glew_cmake_project\build\mak.vc16\x64\src\laboratorio_03_mod\laboratorio_03_mod.dir\debug\laborato.5bb1af02.tlog\link.27240.write.1.tlog
c:\users\aconc\desktop\mis_archivos\computer_science_unsa\computación gráfica\laboratorio\glfw_glad_glut_glew_cmake_project\build\mak.vc16\x64\src\laboratorio_03_mod\laboratorio_03_mod.dir\debug\laborato.5bb1af02.tlog\link.read.1.tlog
c:\users\aconc\desktop\mis_archivos\computer_science_unsa\computación gráfica\laboratorio\glfw_glad_glut_glew_cmake_project\build\mak.vc16\x64\src\laboratorio_03_mod\laboratorio_03_mod.dir\debug\laborato.5bb1af02.tlog\link.read.2.tlog
c:\users\aconc\desktop\mis_archivos\computer_science_unsa\computación gráfica\laboratorio\glfw_glad_glut_glew_cmake_project\build\mak.vc16\x64\src\laboratorio_03_mod\laboratorio_03_mod.dir\debug\laborato.5bb1af02.tlog\link.write.1.tlog
