c:\mis archivos\computer_science_unsa\computación gráfica\laboratorio\glfw_glad_glut_glew_cmake_project\build\mak.vc16\x64\src\tutorial_02\tutorial_02_glfw.dir\debug\vc143.pdb
c:\mis archivos\computer_science_unsa\computación gráfica\laboratorio\glfw_glad_glut_glew_cmake_project\build\mak.vc16\x64\src\tutorial_02\tutorial_02_glfw.dir\debug\glad.obj
c:\mis archivos\computer_science_unsa\computación gráfica\laboratorio\glfw_glad_glut_glew_cmake_project\build\mak.vc16\x64\src\tutorial_02\tutorial_02_glfw.dir\debug\main.obj
c:\users\aconc\desktop\mis_archivos\computer_science_unsa\computación gráfica\laboratorio\glfw_glad_glut_glew_cmake_project\build\mak.vc16\x64\src\tutorial_02\tutorial_02_glfw.dir\debug\vc143.pdb
c:\users\aconc\desktop\mis_archivos\computer_science_unsa\computación gráfica\laboratorio\glfw_glad_glut_glew_cmake_project\build\mak.vc16\x64\src\tutorial_02\tutorial_02_glfw.dir\debug\glad.obj
c:\users\aconc\desktop\mis_archivos\computer_science_unsa\computación gráfica\laboratorio\glfw_glad_glut_glew_cmake_project\build\mak.vc16\x64\src\tutorial_02\tutorial_02_glfw.dir\debug\main.obj
c:\users\aconc\desktop\mis_archivos\computer_science_unsa\computación gráfica\laboratorio\glfw_glad_glut_glew_cmake_project\build\mak.vc16\x64\src\tutorial_02\cmakefiles\generate.stamp
c:\mis archivos\computer_science_unsa\computación gráfica\laboratorio\glfw_glad_glut_glew_cmake_project\build\mak.vc16\x64\src\tutorial_02\debug\tutorial_02_glfw.exe
c:\mis archivos\computer_science_unsa\computación gráfica\laboratorio\glfw_glad_glut_glew_cmake_project\build\mak.vc16\x64\src\tutorial_02\tutorial_02_glfw.dir\debug\tutorial_02_glfw.ilk
c:\mis archivos\computer_science_unsa\computación gráfica\laboratorio\glfw_glad_glut_glew_cmake_project\build\mak.vc16\x64\src\tutorial_02\debug\tutorial_02_glfw.pdb
c:\users\aconc\desktop\mis_archivos\computer_science_unsa\computación gráfica\laboratorio\glfw_glad_glut_glew_cmake_project\build\mak.vc16\x64\src\tutorial_02\tutorial_02_glfw.dir\debug\tutorial_02_glfw.ilk
c:\users\aconc\desktop\mis_archivos\computer_science_unsa\computación gráfica\laboratorio\glfw_glad_glut_glew_cmake_project\build\mak.vc16\x64\src\tutorial_02\debug\tutorial_02_glfw.exe
c:\users\aconc\desktop\mis_archivos\computer_science_unsa\computación gráfica\laboratorio\glfw_glad_glut_glew_cmake_project\build\mak.vc16\x64\src\tutorial_02\debug\tutorial_02_glfw.pdb
c:\users\aconc\desktop\mis_archivos\computer_science_unsa\computación gráfica\laboratorio\glfw_glad_glut_glew_cmake_project\build\mak.vc16\x64\src\tutorial_02\tutorial_02_glfw.dir\debug\tutorial_02_glfw.tlog\cl.command.1.tlog
c:\users\aconc\desktop\mis_archivos\computer_science_unsa\computación gráfica\laboratorio\glfw_glad_glut_glew_cmake_project\build\mak.vc16\x64\src\tutorial_02\tutorial_02_glfw.dir\debug\tutorial_02_glfw.tlog\cl.read.1.tlog
c:\users\aconc\desktop\mis_archivos\computer_science_unsa\computación gráfica\laboratorio\glfw_glad_glut_glew_cmake_project\build\mak.vc16\x64\src\tutorial_02\tutorial_02_glfw.dir\debug\tutorial_02_glfw.tlog\cl.write.1.tlog
c:\users\aconc\desktop\mis_archivos\computer_science_unsa\computación gráfica\laboratorio\glfw_glad_glut_glew_cmake_project\build\mak.vc16\x64\src\tutorial_02\tutorial_02_glfw.dir\debug\tutorial_02_glfw.tlog\custombuild.command.1.tlog
c:\users\aconc\desktop\mis_archivos\computer_science_unsa\computación gráfica\laboratorio\glfw_glad_glut_glew_cmake_project\build\mak.vc16\x64\src\tutorial_02\tutorial_02_glfw.dir\debug\tutorial_02_glfw.tlog\custombuild.read.1.tlog
c:\users\aconc\desktop\mis_archivos\computer_science_unsa\computación gráfica\laboratorio\glfw_glad_glut_glew_cmake_project\build\mak.vc16\x64\src\tutorial_02\tutorial_02_glfw.dir\debug\tutorial_02_glfw.tlog\custombuild.write.1.tlog
c:\users\aconc\desktop\mis_archivos\computer_science_unsa\computación gráfica\laboratorio\glfw_glad_glut_glew_cmake_project\build\mak.vc16\x64\src\tutorial_02\tutorial_02_glfw.dir\debug\tutorial_02_glfw.tlog\link.command.1.tlog
c:\users\aconc\desktop\mis_archivos\computer_science_unsa\computación gráfica\laboratorio\glfw_glad_glut_glew_cmake_project\build\mak.vc16\x64\src\tutorial_02\tutorial_02_glfw.dir\debug\tutorial_02_glfw.tlog\link.read.1.tlog
c:\users\aconc\desktop\mis_archivos\computer_science_unsa\computación gráfica\laboratorio\glfw_glad_glut_glew_cmake_project\build\mak.vc16\x64\src\tutorial_02\tutorial_02_glfw.dir\debug\tutorial_02_glfw.tlog\link.write.1.tlog
