c:\users\aconc\desktop\mis_archivos\computer_science_unsa\computación gráfica\laboratorio\glfw_glad_glut_glew_cmake_project\build\mak.vc16\x64\src\laboratorio_04_mod\laboratorio_04_mod.dir\debug\vc143.pdb
c:\users\aconc\desktop\mis_archivos\computer_science_unsa\computación gráfica\laboratorio\glfw_glad_glut_glew_cmake_project\build\mak.vc16\x64\src\laboratorio_04_mod\laboratorio_04_mod.dir\debug\glad.obj
c:\users\aconc\desktop\mis_archivos\computer_science_unsa\computación gráfica\laboratorio\glfw_glad_glut_glew_cmake_project\build\mak.vc16\x64\src\laboratorio_04_mod\laboratorio_04_mod.dir\debug\main.obj
c:\users\aconc\desktop\mis_archivos\computer_science_unsa\computación gráfica\laboratorio\glfw_glad_glut_glew_cmake_project\build\mak.vc16\x64\src\laboratorio_04_mod\cmakefiles\generate.stamp
c:\users\aconc\appdata\local\temp\lnk{f96a7293-ae8e-4766-920b-25c7390d1407}.tmp
c:\users\aconc\appdata\local\temp\lnk{c72700cd-c3e1-42fa-a6f0-57173fb9fa16}.tmp
c:\users\aconc\appdata\local\temp\lnk{889edb08-2d9d-4d87-bf47-dd50b91db4b2}.tmp
c:\users\aconc\appdata\local\temp\lnk{7cc0c856-9028-4590-b2e0-1dab1694eaf7}.tmp
c:\users\aconc\desktop\mis_archivos\computer_science_unsa\computación gráfica\laboratorio\glfw_glad_glut_glew_cmake_project\build\mak.vc16\x64\src\laboratorio_04_mod\laboratorio_04_mod.dir\debug\laboratorio_04_mod.ilk
c:\users\aconc\desktop\mis_archivos\computer_science_unsa\computación gráfica\laboratorio\glfw_glad_glut_glew_cmake_project\build\mak.vc16\x64\src\laboratorio_04_mod\debug\laboratorio_04_mod.exe
c:\users\aconc\desktop\mis_archivos\computer_science_unsa\computación gráfica\laboratorio\glfw_glad_glut_glew_cmake_project\build\mak.vc16\x64\src\laboratorio_04_mod\debug\laboratorio_04_mod.pdb
c:\users\aconc\appdata\local\temp\lnk{c1ac2060-458c-43c0-8cd6-180a6e6dd069}.tmp
c:\users\aconc\appdata\local\temp\lnk{a49bf4b6-923b-47d6-b8ff-61d7de6d95c9}.tmp
c:\users\aconc\desktop\mis_archivos\computer_science_unsa\computación gráfica\laboratorio\glfw_glad_glut_glew_cmake_project\build\mak.vc16\x64\src\laboratorio_04_mod\laboratorio_04_mod.dir\debug\laborato.5c0a84fb.tlog\cl.command.1.tlog
c:\users\aconc\desktop\mis_archivos\computer_science_unsa\computación gráfica\laboratorio\glfw_glad_glut_glew_cmake_project\build\mak.vc16\x64\src\laboratorio_04_mod\laboratorio_04_mod.dir\debug\laborato.5c0a84fb.tlog\cl.read.1.tlog
c:\users\aconc\desktop\mis_archivos\computer_science_unsa\computación gráfica\laboratorio\glfw_glad_glut_glew_cmake_project\build\mak.vc16\x64\src\laboratorio_04_mod\laboratorio_04_mod.dir\debug\laborato.5c0a84fb.tlog\cl.write.1.tlog
c:\users\aconc\desktop\mis_archivos\computer_science_unsa\computación gráfica\laboratorio\glfw_glad_glut_glew_cmake_project\build\mak.vc16\x64\src\laboratorio_04_mod\laboratorio_04_mod.dir\debug\laborato.5c0a84fb.tlog\custombuild.command.1.tlog
c:\users\aconc\desktop\mis_archivos\computer_science_unsa\computación gráfica\laboratorio\glfw_glad_glut_glew_cmake_project\build\mak.vc16\x64\src\laboratorio_04_mod\laboratorio_04_mod.dir\debug\laborato.5c0a84fb.tlog\custombuild.read.1.tlog
c:\users\aconc\desktop\mis_archivos\computer_science_unsa\computación gráfica\laboratorio\glfw_glad_glut_glew_cmake_project\build\mak.vc16\x64\src\laboratorio_04_mod\laboratorio_04_mod.dir\debug\laborato.5c0a84fb.tlog\custombuild.write.1.tlog
c:\users\aconc\desktop\mis_archivos\computer_science_unsa\computación gráfica\laboratorio\glfw_glad_glut_glew_cmake_project\build\mak.vc16\x64\src\laboratorio_04_mod\laboratorio_04_mod.dir\debug\laborato.5c0a84fb.tlog\link-cvtres.read.1.tlog
c:\users\aconc\desktop\mis_archivos\computer_science_unsa\computación gráfica\laboratorio\glfw_glad_glut_glew_cmake_project\build\mak.vc16\x64\src\laboratorio_04_mod\laboratorio_04_mod.dir\debug\laborato.5c0a84fb.tlog\link-cvtres.write.1.tlog
c:\users\aconc\desktop\mis_archivos\computer_science_unsa\computación gráfica\laboratorio\glfw_glad_glut_glew_cmake_project\build\mak.vc16\x64\src\laboratorio_04_mod\laboratorio_04_mod.dir\debug\laborato.5c0a84fb.tlog\link-rc.read.1.tlog
c:\users\aconc\desktop\mis_archivos\computer_science_unsa\computación gráfica\laboratorio\glfw_glad_glut_glew_cmake_project\build\mak.vc16\x64\src\laboratorio_04_mod\laboratorio_04_mod.dir\debug\laborato.5c0a84fb.tlog\link-rc.write.1.tlog
c:\users\aconc\desktop\mis_archivos\computer_science_unsa\computación gráfica\laboratorio\glfw_glad_glut_glew_cmake_project\build\mak.vc16\x64\src\laboratorio_04_mod\laboratorio_04_mod.dir\debug\laborato.5c0a84fb.tlog\link.17992-cvtres.read.1.tlog
c:\users\aconc\desktop\mis_archivos\computer_science_unsa\computación gráfica\laboratorio\glfw_glad_glut_glew_cmake_project\build\mak.vc16\x64\src\laboratorio_04_mod\laboratorio_04_mod.dir\debug\laborato.5c0a84fb.tlog\link.17992-cvtres.write.1.tlog
c:\users\aconc\desktop\mis_archivos\computer_science_unsa\computación gráfica\laboratorio\glfw_glad_glut_glew_cmake_project\build\mak.vc16\x64\src\laboratorio_04_mod\laboratorio_04_mod.dir\debug\laborato.5c0a84fb.tlog\link.17992-rc.read.1.tlog
c:\users\aconc\desktop\mis_archivos\computer_science_unsa\computación gráfica\laboratorio\glfw_glad_glut_glew_cmake_project\build\mak.vc16\x64\src\laboratorio_04_mod\laboratorio_04_mod.dir\debug\laborato.5c0a84fb.tlog\link.17992-rc.write.1.tlog
c:\users\aconc\desktop\mis_archivos\computer_science_unsa\computación gráfica\laboratorio\glfw_glad_glut_glew_cmake_project\build\mak.vc16\x64\src\laboratorio_04_mod\laboratorio_04_mod.dir\debug\laborato.5c0a84fb.tlog\link.17992.read.1.tlog
c:\users\aconc\desktop\mis_archivos\computer_science_unsa\computación gráfica\laboratorio\glfw_glad_glut_glew_cmake_project\build\mak.vc16\x64\src\laboratorio_04_mod\laboratorio_04_mod.dir\debug\laborato.5c0a84fb.tlog\link.17992.read.2.tlog
c:\users\aconc\desktop\mis_archivos\computer_science_unsa\computación gráfica\laboratorio\glfw_glad_glut_glew_cmake_project\build\mak.vc16\x64\src\laboratorio_04_mod\laboratorio_04_mod.dir\debug\laborato.5c0a84fb.tlog\link.17992.write.1.tlog
c:\users\aconc\desktop\mis_archivos\computer_science_unsa\computación gráfica\laboratorio\glfw_glad_glut_glew_cmake_project\build\mak.vc16\x64\src\laboratorio_04_mod\laboratorio_04_mod.dir\debug\laborato.5c0a84fb.tlog\link.23572-cvtres.read.1.tlog
c:\users\aconc\desktop\mis_archivos\computer_science_unsa\computación gráfica\laboratorio\glfw_glad_glut_glew_cmake_project\build\mak.vc16\x64\src\laboratorio_04_mod\laboratorio_04_mod.dir\debug\laborato.5c0a84fb.tlog\link.23572-cvtres.write.1.tlog
c:\users\aconc\desktop\mis_archivos\computer_science_unsa\computación gráfica\laboratorio\glfw_glad_glut_glew_cmake_project\build\mak.vc16\x64\src\laboratorio_04_mod\laboratorio_04_mod.dir\debug\laborato.5c0a84fb.tlog\link.23572-rc.read.1.tlog
c:\users\aconc\desktop\mis_archivos\computer_science_unsa\computación gráfica\laboratorio\glfw_glad_glut_glew_cmake_project\build\mak.vc16\x64\src\laboratorio_04_mod\laboratorio_04_mod.dir\debug\laborato.5c0a84fb.tlog\link.23572-rc.write.1.tlog
c:\users\aconc\desktop\mis_archivos\computer_science_unsa\computación gráfica\laboratorio\glfw_glad_glut_glew_cmake_project\build\mak.vc16\x64\src\laboratorio_04_mod\laboratorio_04_mod.dir\debug\laborato.5c0a84fb.tlog\link.23572.read.1.tlog
c:\users\aconc\desktop\mis_archivos\computer_science_unsa\computación gráfica\laboratorio\glfw_glad_glut_glew_cmake_project\build\mak.vc16\x64\src\laboratorio_04_mod\laboratorio_04_mod.dir\debug\laborato.5c0a84fb.tlog\link.23572.read.2.tlog
c:\users\aconc\desktop\mis_archivos\computer_science_unsa\computación gráfica\laboratorio\glfw_glad_glut_glew_cmake_project\build\mak.vc16\x64\src\laboratorio_04_mod\laboratorio_04_mod.dir\debug\laborato.5c0a84fb.tlog\link.23572.write.1.tlog
c:\users\aconc\desktop\mis_archivos\computer_science_unsa\computación gráfica\laboratorio\glfw_glad_glut_glew_cmake_project\build\mak.vc16\x64\src\laboratorio_04_mod\laboratorio_04_mod.dir\debug\laborato.5c0a84fb.tlog\link.read.1.tlog
c:\users\aconc\desktop\mis_archivos\computer_science_unsa\computación gráfica\laboratorio\glfw_glad_glut_glew_cmake_project\build\mak.vc16\x64\src\laboratorio_04_mod\laboratorio_04_mod.dir\debug\laborato.5c0a84fb.tlog\link.read.2.tlog
c:\users\aconc\desktop\mis_archivos\computer_science_unsa\computación gráfica\laboratorio\glfw_glad_glut_glew_cmake_project\build\mak.vc16\x64\src\laboratorio_04_mod\laboratorio_04_mod.dir\debug\laborato.5c0a84fb.tlog\link.write.1.tlog
