  Compiling CUDA source file kernel.cu...
  
  D:\PROYECTOS\CUDA\CudaRuntime2\CudaRuntime2>"C:\Program Files\NVIDIA GPU Computing Toolkit\CUDA\v12.0\bin\nvcc.exe" -gencode=arch=compute_52,code=\"sm_52,compute_52\" --use-local-env -ccbin "C:\Program Files\Microsoft Visual Studio\2022\Community\VC\Tools\MSVC\14.33.31629\bin\HostX64\x64" -x cu   -IC:\OpenCV\opencv\build\include -I"C:\Program Files\NVIDIA GPU Computing Toolkit\CUDA\v12.0\include" -I"C:\Program Files\NVIDIA GPU Computing Toolkit\CUDA\v12.0\include"     --keep-dir x64\Release  -maxrregcount=0  --machine 64 --compile -cudart static    -DWIN32 -DWIN64 -DNDEBUG -D_CONSOLE -D_MBCS -Xcompiler "/EHsc /W3 /nologo /O2 /Fdx64\Release\vc143.pdb /FS   /MD " -o D:\PROYECTOS\CUDA\CudaRuntime2\CudaRuntime2\x64\Release\kernel.cu.obj "D:\PROYECTOS\CUDA\CudaRuntime2\CudaRuntime2\kernel.cu" 
C:/OpenCV/opencv/build/include\opencv2/stitching/detail/warpers.hpp(235): warning #611-D: overloaded virtual function "cv::detail::PlaneWarper::buildMaps" is only partially overridden in class "cv::detail::AffineWarper"
  
  Remark: The warnings can be suppressed with "-diag-suppress <warning-number>"
  
C:/OpenCV/opencv/build/include\opencv2/stitching/detail/warpers.hpp(235): warning #611-D: overloaded virtual function "cv::detail::PlaneWarper::warp" is only partially overridden in class "cv::detail::AffineWarper"
  
C:/OpenCV/opencv/build/include\opencv2/stitching/detail/blenders.hpp(100): warning #611-D: overloaded virtual function "cv::detail::Blender::prepare" is only partially overridden in class "cv::detail::FeatherBlender"
  
C:/OpenCV/opencv/build/include\opencv2/stitching/detail/blenders.hpp(127): warning #611-D: overloaded virtual function "cv::detail::Blender::prepare" is only partially overridden in class "cv::detail::MultiBandBlender"
  
C:/OpenCV/opencv/build/include\opencv2/stitching/detail/warpers.hpp(235): warning #611-D: overloaded virtual function "cv::detail::PlaneWarper::buildMaps" is only partially overridden in class "cv::detail::AffineWarper"
  
  Remark: The warnings can be suppressed with "-diag-suppress <warning-number>"
  
C:/OpenCV/opencv/build/include\opencv2/stitching/detail/warpers.hpp(235): warning #611-D: overloaded virtual function "cv::detail::PlaneWarper::warp" is only partially overridden in class "cv::detail::AffineWarper"
  
C:/OpenCV/opencv/build/include\opencv2/stitching/detail/blenders.hpp(100): warning #611-D: overloaded virtual function "cv::detail::Blender::prepare" is only partially overridden in class "cv::detail::FeatherBlender"
  
C:/OpenCV/opencv/build/include\opencv2/stitching/detail/blenders.hpp(127): warning #611-D: overloaded virtual function "cv::detail::Blender::prepare" is only partially overridden in class "cv::detail::MultiBandBlender"
  
  kernel.cu
  tmpxft_00005028_00000000-7_kernel.cudafe1.cpp
D:\PROYECTOS\CUDA\CudaRuntime2\CudaRuntime2\kernel.cu(82): warning C4244: 'argumento': conversión de 'double' a 'unsigned int'; posible pérdida de datos
D:\PROYECTOS\CUDA\CudaRuntime2\CudaRuntime2\kernel.cu(82): warning C4244: 'argumento': conversión de 'double' a 'unsigned int'; posible pérdida de datos
     Creando biblioteca D:\PROYECTOS\CUDA\CudaRuntime2\x64\Release\CudaRuntime2.lib y objeto D:\PROYECTOS\CUDA\CudaRuntime2\x64\Release\CudaRuntime2.exp
  Incremental LTCG not supported for -Od component, build without incremental LTCG.
LINK : warning LNK4098: la biblioteca predeterminada'LIBCMT' entra en conflicto con otras bibliotecas; use la biblioteca /NODEFAULTLIB:biblioteca
  Generando código
  Generación de código finalizada
  CudaRuntime2.vcxproj -> D:\PROYECTOS\CUDA\CudaRuntime2\x64\Release\CudaRuntime2.exe
