  Building Custom Rule C:/Users/aconc/Desktop/Mis_archivos/Computer_Science_UNSA/Computación Gráfica/Laboratorio/GLFW_GLAD_GLUT_GLEW_cmake_project/src/Practica_03/CMakeLists.txt
  glad.c
  glm.c
C:\Users\aconc\Desktop\Mis_archivos\Computer_Science_UNSA\Computación Gráfica\Laboratorio\GLFW_GLAD_GLUT_GLEW_cmake_project\src\Practica_03\glm.c(187,23): warning C4996: 'strdup': The POSIX name for this item is deprecated. Instead, use the ISO C and C++ conformant name: _strdup. See online help for details.
C:\Users\aconc\Desktop\Mis_archivos\Computer_Science_UNSA\Computación Gráfica\Laboratorio\GLFW_GLAD_GLUT_GLEW_cmake_project\src\Practica_03\glm.c(234,11): warning C4996: 'strdup': The POSIX name for this item is deprecated. Instead, use the ISO C and C++ conformant name: _strdup. See online help for details.
C:\Users\aconc\Desktop\Mis_archivos\Computer_Science_UNSA\Computación Gráfica\Laboratorio\GLFW_GLAD_GLUT_GLEW_cmake_project\src\Practica_03\glm.c(303,45): warning C4305: '=': truncamiento de 'double' a 'GLfloat'
C:\Users\aconc\Desktop\Mis_archivos\Computer_Science_UNSA\Computación Gráfica\Laboratorio\GLFW_GLAD_GLUT_GLEW_cmake_project\src\Practica_03\glm.c(304,45): warning C4305: '=': truncamiento de 'double' a 'GLfloat'
C:\Users\aconc\Desktop\Mis_archivos\Computer_Science_UNSA\Computación Gráfica\Laboratorio\GLFW_GLAD_GLUT_GLEW_cmake_project\src\Practica_03\glm.c(305,45): warning C4305: '=': truncamiento de 'double' a 'GLfloat'
C:\Users\aconc\Desktop\Mis_archivos\Computer_Science_UNSA\Computación Gráfica\Laboratorio\GLFW_GLAD_GLUT_GLEW_cmake_project\src\Practica_03\glm.c(307,45): warning C4305: '=': truncamiento de 'double' a 'GLfloat'
C:\Users\aconc\Desktop\Mis_archivos\Computer_Science_UNSA\Computación Gráfica\Laboratorio\GLFW_GLAD_GLUT_GLEW_cmake_project\src\Practica_03\glm.c(308,45): warning C4305: '=': truncamiento de 'double' a 'GLfloat'
C:\Users\aconc\Desktop\Mis_archivos\Computer_Science_UNSA\Computación Gráfica\Laboratorio\GLFW_GLAD_GLUT_GLEW_cmake_project\src\Practica_03\glm.c(309,45): warning C4305: '=': truncamiento de 'double' a 'GLfloat'
C:\Users\aconc\Desktop\Mis_archivos\Computer_Science_UNSA\Computación Gráfica\Laboratorio\GLFW_GLAD_GLUT_GLEW_cmake_project\src\Practica_03\glm.c(262,5): warning C4996: 'strcpy': This function or variable may be unsafe. Consider using strcpy_s instead. To disable deprecation, use _CRT_SECURE_NO_WARNINGS. See online help for details.
C:\Users\aconc\Desktop\Mis_archivos\Computer_Science_UNSA\Computación Gráfica\Laboratorio\GLFW_GLAD_GLUT_GLEW_cmake_project\src\Practica_03\glm.c(263,5): warning C4996: 'strcat': This function or variable may be unsafe. Consider using strcat_s instead. To disable deprecation, use _CRT_SECURE_NO_WARNINGS. See online help for details.
C:\Users\aconc\Desktop\Mis_archivos\Computer_Science_UNSA\Computación Gráfica\Laboratorio\GLFW_GLAD_GLUT_GLEW_cmake_project\src\Practica_03\glm.c(266,12): warning C4996: 'fopen': This function or variable may be unsafe. Consider using fopen_s instead. To disable deprecation, use _CRT_SECURE_NO_WARNINGS. See online help for details.
C:\Users\aconc\Desktop\Mis_archivos\Computer_Science_UNSA\Computación Gráfica\Laboratorio\GLFW_GLAD_GLUT_GLEW_cmake_project\src\Practica_03\glm.c(276,11): warning C4996: 'fscanf': This function or variable may be unsafe. Consider using fscanf_s instead. To disable deprecation, use _CRT_SECURE_NO_WARNINGS. See online help for details.
C:\Users\aconc\Desktop\Mis_archivos\Computer_Science_UNSA\Computación Gráfica\Laboratorio\GLFW_GLAD_GLUT_GLEW_cmake_project\src\Practica_03\glm.c(285,13): warning C4996: 'sscanf': This function or variable may be unsafe. Consider using sscanf_s instead. To disable deprecation, use _CRT_SECURE_NO_WARNINGS. See online help for details.
C:\Users\aconc\Desktop\Mis_archivos\Computer_Science_UNSA\Computación Gráfica\Laboratorio\GLFW_GLAD_GLUT_GLEW_cmake_project\src\Practica_03\glm.c(316,32): warning C4996: 'strdup': The POSIX name for this item is deprecated. Instead, use the ISO C and C++ conformant name: _strdup. See online help for details.
C:\Users\aconc\Desktop\Mis_archivos\Computer_Science_UNSA\Computación Gráfica\Laboratorio\GLFW_GLAD_GLUT_GLEW_cmake_project\src\Practica_03\glm.c(320,11): warning C4996: 'fscanf': This function or variable may be unsafe. Consider using fscanf_s instead. To disable deprecation, use _CRT_SECURE_NO_WARNINGS. See online help for details.
C:\Users\aconc\Desktop\Mis_archivos\Computer_Science_UNSA\Computación Gráfica\Laboratorio\GLFW_GLAD_GLUT_GLEW_cmake_project\src\Practica_03\glm.c(328,13): warning C4996: 'sscanf': This function or variable may be unsafe. Consider using sscanf_s instead. To disable deprecation, use _CRT_SECURE_NO_WARNINGS. See online help for details.
C:\Users\aconc\Desktop\Mis_archivos\Computer_Science_UNSA\Computación Gráfica\Laboratorio\GLFW_GLAD_GLUT_GLEW_cmake_project\src\Practica_03\glm.c(330,51): warning C4996: 'strdup': The POSIX name for this item is deprecated. Instead, use the ISO C and C++ conformant name: _strdup. See online help for details.
C:\Users\aconc\Desktop\Mis_archivos\Computer_Science_UNSA\Computación Gráfica\Laboratorio\GLFW_GLAD_GLUT_GLEW_cmake_project\src\Practica_03\glm.c(333,13): warning C4996: 'fscanf': This function or variable may be unsafe. Consider using fscanf_s instead. To disable deprecation, use _CRT_SECURE_NO_WARNINGS. See online help for details.
C:\Users\aconc\Desktop\Mis_archivos\Computer_Science_UNSA\Computación Gráfica\Laboratorio\GLFW_GLAD_GLUT_GLEW_cmake_project\src\Practica_03\glm.c(341,17): warning C4996: 'fscanf': This function or variable may be unsafe. Consider using fscanf_s instead. To disable deprecation, use _CRT_SECURE_NO_WARNINGS. See online help for details.
C:\Users\aconc\Desktop\Mis_archivos\Computer_Science_UNSA\Computación Gráfica\Laboratorio\GLFW_GLAD_GLUT_GLEW_cmake_project\src\Practica_03\glm.c(347,17): warning C4996: 'fscanf': This function or variable may be unsafe. Consider using fscanf_s instead. To disable deprecation, use _CRT_SECURE_NO_WARNINGS. See online help for details.
C:\Users\aconc\Desktop\Mis_archivos\Computer_Science_UNSA\Computación Gráfica\Laboratorio\GLFW_GLAD_GLUT_GLEW_cmake_project\src\Practica_03\glm.c(353,17): warning C4996: 'fscanf': This function or variable may be unsafe. Consider using fscanf_s instead. To disable deprecation, use _CRT_SECURE_NO_WARNINGS. See online help for details.
C:\Users\aconc\Desktop\Mis_archivos\Computer_Science_UNSA\Computación Gráfica\Laboratorio\GLFW_GLAD_GLUT_GLEW_cmake_project\src\Practica_03\glm.c(391,5): warning C4996: 'strcpy': This function or variable may be unsafe. Consider using strcpy_s instead. To disable deprecation, use _CRT_SECURE_NO_WARNINGS. See online help for details.
C:\Users\aconc\Desktop\Mis_archivos\Computer_Science_UNSA\Computación Gráfica\Laboratorio\GLFW_GLAD_GLUT_GLEW_cmake_project\src\Practica_03\glm.c(392,5): warning C4996: 'strcat': This function or variable may be unsafe. Consider using strcat_s instead. To disable deprecation, use _CRT_SECURE_NO_WARNINGS. See online help for details.
C:\Users\aconc\Desktop\Mis_archivos\Computer_Science_UNSA\Computación Gráfica\Laboratorio\GLFW_GLAD_GLUT_GLEW_cmake_project\src\Practica_03\glm.c(396,12): warning C4996: 'fopen': This function or variable may be unsafe. Consider using fopen_s instead. To disable deprecation, use _CRT_SECURE_NO_WARNINGS. See online help for details.
C:\Users\aconc\Desktop\Mis_archivos\Computer_Science_UNSA\Computación Gráfica\Laboratorio\GLFW_GLAD_GLUT_GLEW_cmake_project\src\Practica_03\glm.c(452,11): warning C4996: 'fscanf': This function or variable may be unsafe. Consider using fscanf_s instead. To disable deprecation, use _CRT_SECURE_NO_WARNINGS. See online help for details.
C:\Users\aconc\Desktop\Mis_archivos\Computer_Science_UNSA\Computación Gráfica\Laboratorio\GLFW_GLAD_GLUT_GLEW_cmake_project\src\Practica_03\glm.c(483,17): warning C4996: 'sscanf': This function or variable may be unsafe. Consider using sscanf_s instead. To disable deprecation, use _CRT_SECURE_NO_WARNINGS. See online help for details.
C:\Users\aconc\Desktop\Mis_archivos\Computer_Science_UNSA\Computación Gráfica\Laboratorio\GLFW_GLAD_GLUT_GLEW_cmake_project\src\Practica_03\glm.c(484,37): warning C4996: 'strdup': The POSIX name for this item is deprecated. Instead, use the ISO C and C++ conformant name: _strdup. See online help for details.
C:\Users\aconc\Desktop\Mis_archivos\Computer_Science_UNSA\Computación Gráfica\Laboratorio\GLFW_GLAD_GLUT_GLEW_cmake_project\src\Practica_03\glm.c(503,17): warning C4996: 'fscanf': This function or variable may be unsafe. Consider using fscanf_s instead. To disable deprecation, use _CRT_SECURE_NO_WARNINGS. See online help for details.
C:\Users\aconc\Desktop\Mis_archivos\Computer_Science_UNSA\Computación Gráfica\Laboratorio\GLFW_GLAD_GLUT_GLEW_cmake_project\src\Practica_03\glm.c(507,21): warning C4996: 'sscanf': This function or variable may be unsafe. Consider using sscanf_s instead. To disable deprecation, use _CRT_SECURE_NO_WARNINGS. See online help for details.
C:\Users\aconc\Desktop\Mis_archivos\Computer_Science_UNSA\Computación Gráfica\Laboratorio\GLFW_GLAD_GLUT_GLEW_cmake_project\src\Practica_03\glm.c(508,21): warning C4996: 'fscanf': This function or variable may be unsafe. Consider using fscanf_s instead. To disable deprecation, use _CRT_SECURE_NO_WARNINGS. See online help for details.
C:\Users\aconc\Desktop\Mis_archivos\Computer_Science_UNSA\Computación Gráfica\Laboratorio\GLFW_GLAD_GLUT_GLEW_cmake_project\src\Practica_03\glm.c(509,21): warning C4996: 'fscanf': This function or variable may be unsafe. Consider using fscanf_s instead. To disable deprecation, use _CRT_SECURE_NO_WARNINGS. See online help for details.
C:\Users\aconc\Desktop\Mis_archivos\Computer_Science_UNSA\Computación Gráfica\Laboratorio\GLFW_GLAD_GLUT_GLEW_cmake_project\src\Practica_03\glm.c(512,27): warning C4996: 'fscanf': This function or variable may be unsafe. Consider using fscanf_s instead. To disable deprecation, use _CRT_SECURE_NO_WARNINGS. See online help for details.
C:\Users\aconc\Desktop\Mis_archivos\Computer_Science_UNSA\Computación Gráfica\Laboratorio\GLFW_GLAD_GLUT_GLEW_cmake_project\src\Practica_03\glm.c(516,28): warning C4996: 'sscanf': This function or variable may be unsafe. Consider using sscanf_s instead. To disable deprecation, use _CRT_SECURE_NO_WARNINGS. See online help for details.
C:\Users\aconc\Desktop\Mis_archivos\Computer_Science_UNSA\Computación Gráfica\Laboratorio\GLFW_GLAD_GLUT_GLEW_cmake_project\src\Practica_03\glm.c(518,21): warning C4996: 'fscanf': This function or variable may be unsafe. Consider using fscanf_s instead. To disable deprecation, use _CRT_SECURE_NO_WARNINGS. See online help for details.
C:\Users\aconc\Desktop\Mis_archivos\Computer_Science_UNSA\Computación Gráfica\Laboratorio\GLFW_GLAD_GLUT_GLEW_cmake_project\src\Practica_03\glm.c(519,21): warning C4996: 'fscanf': This function or variable may be unsafe. Consider using fscanf_s instead. To disable deprecation, use _CRT_SECURE_NO_WARNINGS. See online help for details.
C:\Users\aconc\Desktop\Mis_archivos\Computer_Science_UNSA\Computación Gráfica\Laboratorio\GLFW_GLAD_GLUT_GLEW_cmake_project\src\Practica_03\glm.c(522,27): warning C4996: 'fscanf': This function or variable may be unsafe. Consider using fscanf_s instead. To disable deprecation, use _CRT_SECURE_NO_WARNINGS. See online help for details.
C:\Users\aconc\Desktop\Mis_archivos\Computer_Science_UNSA\Computación Gráfica\Laboratorio\GLFW_GLAD_GLUT_GLEW_cmake_project\src\Practica_03\glm.c(526,28): warning C4996: 'sscanf': This function or variable may be unsafe. Consider using sscanf_s instead. To disable deprecation, use _CRT_SECURE_NO_WARNINGS. See online help for details.
C:\Users\aconc\Desktop\Mis_archivos\Computer_Science_UNSA\Computación Gráfica\Laboratorio\GLFW_GLAD_GLUT_GLEW_cmake_project\src\Practica_03\glm.c(528,21): warning C4996: 'fscanf': This function or variable may be unsafe. Consider using fscanf_s instead. To disable deprecation, use _CRT_SECURE_NO_WARNINGS. See online help for details.
C:\Users\aconc\Desktop\Mis_archivos\Computer_Science_UNSA\Computación Gráfica\Laboratorio\GLFW_GLAD_GLUT_GLEW_cmake_project\src\Practica_03\glm.c(529,21): warning C4996: 'fscanf': This function or variable may be unsafe. Consider using fscanf_s instead. To disable deprecation, use _CRT_SECURE_NO_WARNINGS. See online help for details.
C:\Users\aconc\Desktop\Mis_archivos\Computer_Science_UNSA\Computación Gráfica\Laboratorio\GLFW_GLAD_GLUT_GLEW_cmake_project\src\Practica_03\glm.c(532,27): warning C4996: 'fscanf': This function or variable may be unsafe. Consider using fscanf_s instead. To disable deprecation, use _CRT_SECURE_NO_WARNINGS. See online help for details.
C:\Users\aconc\Desktop\Mis_archivos\Computer_Science_UNSA\Computación Gráfica\Laboratorio\GLFW_GLAD_GLUT_GLEW_cmake_project\src\Practica_03\glm.c(538,21): warning C4996: 'fscanf': This function or variable may be unsafe. Consider using fscanf_s instead. To disable deprecation, use _CRT_SECURE_NO_WARNINGS. See online help for details.
C:\Users\aconc\Desktop\Mis_archivos\Computer_Science_UNSA\Computación Gráfica\Laboratorio\GLFW_GLAD_GLUT_GLEW_cmake_project\src\Practica_03\glm.c(539,21): warning C4996: 'fscanf': This function or variable may be unsafe. Consider using fscanf_s instead. To disable deprecation, use _CRT_SECURE_NO_WARNINGS. See online help for details.
C:\Users\aconc\Desktop\Mis_archivos\Computer_Science_UNSA\Computación Gráfica\Laboratorio\GLFW_GLAD_GLUT_GLEW_cmake_project\src\Practica_03\glm.c(542,27): warning C4996: 'fscanf': This function or variable may be unsafe. Consider using fscanf_s instead. To disable deprecation, use _CRT_SECURE_NO_WARNINGS. See online help for details.
C:\Users\aconc\Desktop\Mis_archivos\Computer_Science_UNSA\Computación Gráfica\Laboratorio\GLFW_GLAD_GLUT_GLEW_cmake_project\src\Practica_03\glm.c(603,11): warning C4996: 'fscanf': This function or variable may be unsafe. Consider using fscanf_s instead. To disable deprecation, use _CRT_SECURE_NO_WARNINGS. See online help for details.
C:\Users\aconc\Desktop\Mis_archivos\Computer_Science_UNSA\Computación Gráfica\Laboratorio\GLFW_GLAD_GLUT_GLEW_cmake_project\src\Practica_03\glm.c(612,17): warning C4996: 'fscanf': This function or variable may be unsafe. Consider using fscanf_s instead. To disable deprecation, use _CRT_SECURE_NO_WARNINGS. See online help for details.
C:\Users\aconc\Desktop\Mis_archivos\Computer_Science_UNSA\Computación Gráfica\Laboratorio\GLFW_GLAD_GLUT_GLEW_cmake_project\src\Practica_03\glm.c(619,17): warning C4996: 'fscanf': This function or variable may be unsafe. Consider using fscanf_s instead. To disable deprecation, use _CRT_SECURE_NO_WARNINGS. See online help for details.
C:\Users\aconc\Desktop\Mis_archivos\Computer_Science_UNSA\Computación Gráfica\Laboratorio\GLFW_GLAD_GLUT_GLEW_cmake_project\src\Practica_03\glm.c(626,17): warning C4996: 'fscanf': This function or variable may be unsafe. Consider using fscanf_s instead. To disable deprecation, use _CRT_SECURE_NO_WARNINGS. See online help for details.
C:\Users\aconc\Desktop\Mis_archivos\Computer_Science_UNSA\Computación Gráfica\Laboratorio\GLFW_GLAD_GLUT_GLEW_cmake_project\src\Practica_03\glm.c(635,17): warning C4996: 'sscanf': This function or variable may be unsafe. Consider using sscanf_s instead. To disable deprecation, use _CRT_SECURE_NO_WARNINGS. See online help for details.
C:\Users\aconc\Desktop\Mis_archivos\Computer_Science_UNSA\Computación Gráfica\Laboratorio\GLFW_GLAD_GLUT_GLEW_cmake_project\src\Practica_03\glm.c(651,17): warning C4996: 'fscanf': This function or variable may be unsafe. Consider using fscanf_s instead. To disable deprecation, use _CRT_SECURE_NO_WARNINGS. See online help for details.
C:\Users\aconc\Desktop\Mis_archivos\Computer_Science_UNSA\Computación Gráfica\Laboratorio\GLFW_GLAD_GLUT_GLEW_cmake_project\src\Practica_03\glm.c(655,21): warning C4996: 'sscanf': This function or variable may be unsafe. Consider using sscanf_s instead. To disable deprecation, use _CRT_SECURE_NO_WARNINGS. See online help for details.
C:\Users\aconc\Desktop\Mis_archivos\Computer_Science_UNSA\Computación Gráfica\Laboratorio\GLFW_GLAD_GLUT_GLEW_cmake_project\src\Practica_03\glm.c(658,21): warning C4996: 'fscanf': This function or variable may be unsafe. Consider using fscanf_s instead. To disable deprecation, use _CRT_SECURE_NO_WARNINGS. See online help for details.
C:\Users\aconc\Desktop\Mis_archivos\Computer_Science_UNSA\Computación Gráfica\Laboratorio\GLFW_GLAD_GLUT_GLEW_cmake_project\src\Practica_03\glm.c(661,21): warning C4996: 'fscanf': This function or variable may be unsafe. Consider using fscanf_s instead. To disable deprecation, use _CRT_SECURE_NO_WARNINGS. See online help for details.
C:\Users\aconc\Desktop\Mis_archivos\Computer_Science_UNSA\Computación Gráfica\Laboratorio\GLFW_GLAD_GLUT_GLEW_cmake_project\src\Practica_03\glm.c(666,27): warning C4996: 'fscanf': This function or variable may be unsafe. Consider using fscanf_s instead. To disable deprecation, use _CRT_SECURE_NO_WARNINGS. See online help for details.
C:\Users\aconc\Desktop\Mis_archivos\Computer_Science_UNSA\Computación Gráfica\Laboratorio\GLFW_GLAD_GLUT_GLEW_cmake_project\src\Practica_03\glm.c(676,28): warning C4996: 'sscanf': This function or variable may be unsafe. Consider using sscanf_s instead. To disable deprecation, use _CRT_SECURE_NO_WARNINGS. See online help for details.
C:\Users\aconc\Desktop\Mis_archivos\Computer_Science_UNSA\Computación Gráfica\Laboratorio\GLFW_GLAD_GLUT_GLEW_cmake_project\src\Practica_03\glm.c(681,21): warning C4996: 'fscanf': This function or variable may be unsafe. Consider using fscanf_s instead. To disable deprecation, use _CRT_SECURE_NO_WARNINGS. See online help for details.
C:\Users\aconc\Desktop\Mis_archivos\Computer_Science_UNSA\Computación Gráfica\Laboratorio\GLFW_GLAD_GLUT_GLEW_cmake_project\src\Practica_03\glm.c(685,21): warning C4996: 'fscanf': This function or variable may be unsafe. Consider using fscanf_s instead. To disable deprecation, use _CRT_SECURE_NO_WARNINGS. See online help for details.
C:\Users\aconc\Desktop\Mis_archivos\Computer_Science_UNSA\Computación Gráfica\Laboratorio\GLFW_GLAD_GLUT_GLEW_cmake_project\src\Practica_03\glm.c(691,27): warning C4996: 'fscanf': This function or variable may be unsafe. Consider using fscanf_s instead. To disable deprecation, use _CRT_SECURE_NO_WARNINGS. See online help for details.
C:\Users\aconc\Desktop\Mis_archivos\Computer_Science_UNSA\Computación Gráfica\Laboratorio\GLFW_GLAD_GLUT_GLEW_cmake_project\src\Practica_03\glm.c(704,28): warning C4996: 'sscanf': This function or variable may be unsafe. Consider using sscanf_s instead. To disable deprecation, use _CRT_SECURE_NO_WARNINGS. See online help for details.
C:\Users\aconc\Desktop\Mis_archivos\Computer_Science_UNSA\Computación Gráfica\Laboratorio\GLFW_GLAD_GLUT_GLEW_cmake_project\src\Practica_03\glm.c(708,21): warning C4996: 'fscanf': This function or variable may be unsafe. Consider using fscanf_s instead. To disable deprecation, use _CRT_SECURE_NO_WARNINGS. See online help for details.
C:\Users\aconc\Desktop\Mis_archivos\Computer_Science_UNSA\Computación Gráfica\Laboratorio\GLFW_GLAD_GLUT_GLEW_cmake_project\src\Practica_03\glm.c(711,21): warning C4996: 'fscanf': This function or variable may be unsafe. Consider using fscanf_s instead. To disable deprecation, use _CRT_SECURE_NO_WARNINGS. See online help for details.
C:\Users\aconc\Desktop\Mis_archivos\Computer_Science_UNSA\Computación Gráfica\Laboratorio\GLFW_GLAD_GLUT_GLEW_cmake_project\src\Practica_03\glm.c(716,27): warning C4996: 'fscanf': This function or variable may be unsafe. Consider using fscanf_s instead. To disable deprecation, use _CRT_SECURE_NO_WARNINGS. See online help for details.
C:\Users\aconc\Desktop\Mis_archivos\Computer_Science_UNSA\Computación Gráfica\Laboratorio\GLFW_GLAD_GLUT_GLEW_cmake_project\src\Practica_03\glm.c(728,21): warning C4996: 'sscanf': This function or variable may be unsafe. Consider using sscanf_s instead. To disable deprecation, use _CRT_SECURE_NO_WARNINGS. See online help for details.
C:\Users\aconc\Desktop\Mis_archivos\Computer_Science_UNSA\Computación Gráfica\Laboratorio\GLFW_GLAD_GLUT_GLEW_cmake_project\src\Practica_03\glm.c(730,21): warning C4996: 'fscanf': This function or variable may be unsafe. Consider using fscanf_s instead. To disable deprecation, use _CRT_SECURE_NO_WARNINGS. See online help for details.
C:\Users\aconc\Desktop\Mis_archivos\Computer_Science_UNSA\Computación Gráfica\Laboratorio\GLFW_GLAD_GLUT_GLEW_cmake_project\src\Practica_03\glm.c(732,21): warning C4996: 'fscanf': This function or variable may be unsafe. Consider using fscanf_s instead. To disable deprecation, use _CRT_SECURE_NO_WARNINGS. See online help for details.
C:\Users\aconc\Desktop\Mis_archivos\Computer_Science_UNSA\Computación Gráfica\Laboratorio\GLFW_GLAD_GLUT_GLEW_cmake_project\src\Practica_03\glm.c(736,27): warning C4996: 'fscanf': This function or variable may be unsafe. Consider using fscanf_s instead. To disable deprecation, use _CRT_SECURE_NO_WARNINGS. See online help for details.
C:\Users\aconc\Desktop\Mis_archivos\Computer_Science_UNSA\Computación Gráfica\Laboratorio\GLFW_GLAD_GLUT_GLEW_cmake_project\src\Practica_03\glm.c(811,24): warning C4244: '=': conversión de 'double' a 'GLfloat'; posible pérdida de datos
C:\Users\aconc\Desktop\Mis_archivos\Computer_Science_UNSA\Computación Gráfica\Laboratorio\GLFW_GLAD_GLUT_GLEW_cmake_project\src\Practica_03\glm.c(812,24): warning C4244: '=': conversión de 'double' a 'GLfloat'; posible pérdida de datos
C:\Users\aconc\Desktop\Mis_archivos\Computer_Science_UNSA\Computación Gráfica\Laboratorio\GLFW_GLAD_GLUT_GLEW_cmake_project\src\Practica_03\glm.c(813,24): warning C4244: '=': conversión de 'double' a 'GLfloat'; posible pérdida de datos
C:\Users\aconc\Desktop\Mis_archivos\Computer_Science_UNSA\Computación Gráfica\Laboratorio\GLFW_GLAD_GLUT_GLEW_cmake_project\src\Practica_03\glm.c(816,17): warning C4244: '=': conversión de 'double' a 'GLfloat'; posible pérdida de datos
C:\Users\aconc\Desktop\Mis_archivos\Computer_Science_UNSA\Computación Gráfica\Laboratorio\GLFW_GLAD_GLUT_GLEW_cmake_project\src\Practica_03\glm.c(1016,20): warning C4244: '=': conversión de 'double' a 'GLfloat'; posible pérdida de datos
C:\Users\aconc\Desktop\Mis_archivos\Computer_Science_UNSA\Computación Gráfica\Laboratorio\GLFW_GLAD_GLUT_GLEW_cmake_project\src\Practica_03\glm.c(1172,23): warning C4244: '=': conversión de 'double' a 'GLfloat'; posible pérdida de datos
C:\Users\aconc\Desktop\Mis_archivos\Computer_Science_UNSA\Computación Gráfica\Laboratorio\GLFW_GLAD_GLUT_GLEW_cmake_project\src\Practica_03\glm.c(1179,49): warning C4244: '=': conversión de 'double' a 'GLfloat'; posible pérdida de datos
C:\Users\aconc\Desktop\Mis_archivos\Computer_Science_UNSA\Computación Gráfica\Laboratorio\GLFW_GLAD_GLUT_GLEW_cmake_project\src\Practica_03\glm.c(1180,49): warning C4244: '=': conversión de 'double' a 'GLfloat'; posible pérdida de datos
C:\Users\aconc\Desktop\Mis_archivos\Computer_Science_UNSA\Computación Gráfica\Laboratorio\GLFW_GLAD_GLUT_GLEW_cmake_project\src\Practica_03\glm.c(1230,17): warning C4244: '=': conversión de 'double' a 'GLfloat'; posible pérdida de datos
C:\Users\aconc\Desktop\Mis_archivos\Computer_Science_UNSA\Computación Gráfica\Laboratorio\GLFW_GLAD_GLUT_GLEW_cmake_project\src\Practica_03\glm.c(1231,19): warning C4244: '=': conversión de 'double' a 'GLfloat'; posible pérdida de datos
C:\Users\aconc\Desktop\Mis_archivos\Computer_Science_UNSA\Computación Gráfica\Laboratorio\GLFW_GLAD_GLUT_GLEW_cmake_project\src\Practica_03\glm.c(1238,39): warning C4305: '=': truncamiento de 'double' a 'GLfloat'
C:\Users\aconc\Desktop\Mis_archivos\Computer_Science_UNSA\Computación Gráfica\Laboratorio\GLFW_GLAD_GLUT_GLEW_cmake_project\src\Practica_03\glm.c(1240,27): warning C4244: '=': conversión de 'double' a 'GLfloat'; posible pérdida de datos
C:\Users\aconc\Desktop\Mis_archivos\Computer_Science_UNSA\Computación Gráfica\Laboratorio\GLFW_GLAD_GLUT_GLEW_cmake_project\src\Practica_03\glm.c(1243,42): warning C4305: '=': truncamiento de 'double' a 'GLfloat'
C:\Users\aconc\Desktop\Mis_archivos\Computer_Science_UNSA\Computación Gráfica\Laboratorio\GLFW_GLAD_GLUT_GLEW_cmake_project\src\Practica_03\glm.c(1245,37): warning C4244: '=': conversión de 'double' a 'GLfloat'; posible pérdida de datos
C:\Users\aconc\Desktop\Mis_archivos\Computer_Science_UNSA\Computación Gráfica\Laboratorio\GLFW_GLAD_GLUT_GLEW_cmake_project\src\Practica_03\glm.c(1248,45): warning C4244: '=': conversión de 'double' a 'GLfloat'; posible pérdida de datos
C:\Users\aconc\Desktop\Mis_archivos\Computer_Science_UNSA\Computación Gráfica\Laboratorio\GLFW_GLAD_GLUT_GLEW_cmake_project\src\Practica_03\glm.c(1249,43): warning C4244: '=': conversión de 'double' a 'GLfloat'; posible pérdida de datos
C:\Users\aconc\Desktop\Mis_archivos\Computer_Science_UNSA\Computación Gráfica\Laboratorio\GLFW_GLAD_GLUT_GLEW_cmake_project\src\Practica_03\glm.c(1312,12): warning C4996: 'fopen': This function or variable may be unsafe. Consider using fopen_s instead. To disable deprecation, use _CRT_SECURE_NO_WARNINGS. See online help for details.
C:\Users\aconc\Desktop\Mis_archivos\Computer_Science_UNSA\Computación Gráfica\Laboratorio\GLFW_GLAD_GLUT_GLEW_cmake_project\src\Practica_03\glm.c(1321,26): warning C4996: 'strdup': The POSIX name for this item is deprecated. Instead, use the ISO C and C++ conformant name: _strdup. See online help for details.
C:\Users\aconc\Desktop\Mis_archivos\Computer_Science_UNSA\Computación Gráfica\Laboratorio\GLFW_GLAD_GLUT_GLEW_cmake_project\src\Practica_03\glm.c(1433,12): warning C4996: 'fopen': This function or variable may be unsafe. Consider using fopen_s instead. To disable deprecation, use _CRT_SECURE_NO_WARNINGS. See online help for details.
C:\Users\aconc\Desktop\Mis_archivos\Computer_Science_UNSA\Computación Gráfica\Laboratorio\GLFW_GLAD_GLUT_GLEW_cmake_project\src\Practica_03\glm.c(1795,10): warning C4996: 'fopen': This function or variable may be unsafe. Consider using fopen_s instead. To disable deprecation, use _CRT_SECURE_NO_WARNINGS. See online help for details.
C:\Users\aconc\Desktop\Mis_archivos\Computer_Science_UNSA\Computación Gráfica\Laboratorio\GLFW_GLAD_GLUT_GLEW_cmake_project\src\Practica_03\glm.c(1816,18): warning C4996: 'sscanf': This function or variable may be unsafe. Consider using sscanf_s instead. To disable deprecation, use _CRT_SECURE_NO_WARNINGS. See online help for details.
C:\Users\aconc\Desktop\Mis_archivos\Computer_Science_UNSA\Computación Gráfica\Laboratorio\GLFW_GLAD_GLUT_GLEW_cmake_project\src\Practica_03\glm.c(1818,18): warning C4996: 'sscanf': This function or variable may be unsafe. Consider using sscanf_s instead. To disable deprecation, use _CRT_SECURE_NO_WARNINGS. See online help for details.
C:\Users\aconc\Desktop\Mis_archivos\Computer_Science_UNSA\Computación Gráfica\Laboratorio\GLFW_GLAD_GLUT_GLEW_cmake_project\src\Practica_03\glm.c(1820,18): warning C4996: 'sscanf': This function or variable may be unsafe. Consider using sscanf_s instead. To disable deprecation, use _CRT_SECURE_NO_WARNINGS. See online help for details.
  projection.c
C:\Users\aconc\Desktop\Mis_archivos\Computer_Science_UNSA\Computación Gráfica\Laboratorio\GLFW_GLAD_GLUT_GLEW_cmake_project\src\Practica_03\projection.c(32,1): warning C4305: 'inicializando': truncamiento de 'double' a 'float'
C:\Users\aconc\Desktop\Mis_archivos\Computer_Science_UNSA\Computación Gráfica\Laboratorio\GLFW_GLAD_GLUT_GLEW_cmake_project\src\Practica_03\projection.c(34,1): warning C4305: 'inicializando': truncamiento de 'double' a 'float'
C:\Users\aconc\Desktop\Mis_archivos\Computer_Science_UNSA\Computación Gráfica\Laboratorio\GLFW_GLAD_GLUT_GLEW_cmake_project\src\Practica_03\projection.c(36,1): warning C4305: 'inicializando': truncamiento de 'double' a 'float'
C:\Users\aconc\Desktop\Mis_archivos\Computer_Science_UNSA\Computación Gráfica\Laboratorio\GLFW_GLAD_GLUT_GLEW_cmake_project\src\Practica_03\projection.c(38,1): warning C4305: 'inicializando': truncamiento de 'double' a 'float'
C:\Users\aconc\Desktop\Mis_archivos\Computer_Science_UNSA\Computación Gráfica\Laboratorio\GLFW_GLAD_GLUT_GLEW_cmake_project\src\Practica_03\projection.c(40,1): warning C4305: 'inicializando': truncamiento de 'double' a 'float'
C:\Users\aconc\Desktop\Mis_archivos\Computer_Science_UNSA\Computación Gráfica\Laboratorio\GLFW_GLAD_GLUT_GLEW_cmake_project\src\Practica_03\projection.c(42,1): warning C4305: 'inicializando': truncamiento de 'double' a 'float'
C:\Users\aconc\Desktop\Mis_archivos\Computer_Science_UNSA\Computación Gráfica\Laboratorio\GLFW_GLAD_GLUT_GLEW_cmake_project\src\Practica_03\projection.c(44,1): warning C4305: 'inicializando': truncamiento de 'double' a 'float'
C:\Users\aconc\Desktop\Mis_archivos\Computer_Science_UNSA\Computación Gráfica\Laboratorio\GLFW_GLAD_GLUT_GLEW_cmake_project\src\Practica_03\projection.c(46,1): warning C4305: 'inicializando': truncamiento de 'double' a 'float'
C:\Users\aconc\Desktop\Mis_archivos\Computer_Science_UNSA\Computación Gráfica\Laboratorio\GLFW_GLAD_GLUT_GLEW_cmake_project\src\Practica_03\projection.c(48,1): warning C4305: 'inicializando': truncamiento de 'double' a 'float'
C:\Users\aconc\Desktop\Mis_archivos\Computer_Science_UNSA\Computación Gráfica\Laboratorio\GLFW_GLAD_GLUT_GLEW_cmake_project\src\Practica_03\projection.c(55,1): warning C4305: 'inicializando': truncamiento de 'double' a 'float'
C:\Users\aconc\Desktop\Mis_archivos\Computer_Science_UNSA\Computación Gráfica\Laboratorio\GLFW_GLAD_GLUT_GLEW_cmake_project\src\Practica_03\projection.c(57,1): warning C4305: 'inicializando': truncamiento de 'double' a 'float'
C:\Users\aconc\Desktop\Mis_archivos\Computer_Science_UNSA\Computación Gráfica\Laboratorio\GLFW_GLAD_GLUT_GLEW_cmake_project\src\Practica_03\projection.c(59,1): warning C4305: 'inicializando': truncamiento de 'double' a 'float'
C:\Users\aconc\Desktop\Mis_archivos\Computer_Science_UNSA\Computación Gráfica\Laboratorio\GLFW_GLAD_GLUT_GLEW_cmake_project\src\Practica_03\projection.c(64,1): warning C4305: 'inicializando': truncamiento de 'double' a 'float'
C:\Users\aconc\Desktop\Mis_archivos\Computer_Science_UNSA\Computación Gráfica\Laboratorio\GLFW_GLAD_GLUT_GLEW_cmake_project\src\Practica_03\projection.c(66,1): warning C4305: 'inicializando': truncamiento de 'double' a 'float'
C:\Users\aconc\Desktop\Mis_archivos\Computer_Science_UNSA\Computación Gráfica\Laboratorio\GLFW_GLAD_GLUT_GLEW_cmake_project\src\Practica_03\projection.c(68,1): warning C4305: 'inicializando': truncamiento de 'double' a 'float'
C:\Users\aconc\Desktop\Mis_archivos\Computer_Science_UNSA\Computación Gráfica\Laboratorio\GLFW_GLAD_GLUT_GLEW_cmake_project\src\Practica_03\projection.c(70,1): warning C4305: 'inicializando': truncamiento de 'double' a 'float'
C:\Users\aconc\Desktop\Mis_archivos\Computer_Science_UNSA\Computación Gráfica\Laboratorio\GLFW_GLAD_GLUT_GLEW_cmake_project\src\Practica_03\projection.c(72,1): warning C4305: 'inicializando': truncamiento de 'double' a 'float'
C:\Users\aconc\Desktop\Mis_archivos\Computer_Science_UNSA\Computación Gráfica\Laboratorio\GLFW_GLAD_GLUT_GLEW_cmake_project\src\Practica_03\projection.c(74,1): warning C4305: 'inicializando': truncamiento de 'double' a 'float'
C:\Users\aconc\Desktop\Mis_archivos\Computer_Science_UNSA\Computación Gráfica\Laboratorio\GLFW_GLAD_GLUT_GLEW_cmake_project\src\Practica_03\projection.c(79,1): warning C4305: 'inicializando': truncamiento de 'double' a 'float'
C:\Users\aconc\Desktop\Mis_archivos\Computer_Science_UNSA\Computación Gráfica\Laboratorio\GLFW_GLAD_GLUT_GLEW_cmake_project\src\Practica_03\projection.c(81,1): warning C4305: 'inicializando': truncamiento de 'double' a 'float'
C:\Users\aconc\Desktop\Mis_archivos\Computer_Science_UNSA\Computación Gráfica\Laboratorio\GLFW_GLAD_GLUT_GLEW_cmake_project\src\Practica_03\projection.c(83,1): warning C4305: 'inicializando': truncamiento de 'double' a 'float'
C:\Users\aconc\Desktop\Mis_archivos\Computer_Science_UNSA\Computación Gráfica\Laboratorio\GLFW_GLAD_GLUT_GLEW_cmake_project\src\Practica_03\projection.c(85,1): warning C4305: 'inicializando': truncamiento de 'double' a 'float'
C:\Users\aconc\Desktop\Mis_archivos\Computer_Science_UNSA\Computación Gráfica\Laboratorio\GLFW_GLAD_GLUT_GLEW_cmake_project\src\Practica_03\projection.c(87,1): warning C4305: 'inicializando': truncamiento de 'double' a 'float'
C:\Users\aconc\Desktop\Mis_archivos\Computer_Science_UNSA\Computación Gráfica\Laboratorio\GLFW_GLAD_GLUT_GLEW_cmake_project\src\Practica_03\projection.c(89,1): warning C4305: 'inicializando': truncamiento de 'double' a 'float'
C:\Users\aconc\Desktop\Mis_archivos\Computer_Science_UNSA\Computación Gráfica\Laboratorio\GLFW_GLAD_GLUT_GLEW_cmake_project\src\Practica_03\projection.c(136,5): warning C4996: 'vsprintf': This function or variable may be unsafe. Consider using vsprintf_s instead. To disable deprecation, use _CRT_SECURE_NO_WARNINGS. See online help for details.
C:\Users\aconc\Desktop\Mis_archivos\Computer_Science_UNSA\Computación Gráfica\Laboratorio\GLFW_GLAD_GLUT_GLEW_cmake_project\src\Practica_03\projection.c(243,22): warning C4305: 'función': truncamiento de 'double' a 'GLfloat'
C:\Users\aconc\Desktop\Mis_archivos\Computer_Science_UNSA\Computación Gráfica\Laboratorio\GLFW_GLAD_GLUT_GLEW_cmake_project\src\Practica_03\projection.c(245,27): warning C4305: 'función': truncamiento de 'double' a 'GLfloat'
C:\Users\aconc\Desktop\Mis_archivos\Computer_Science_UNSA\Computación Gráfica\Laboratorio\GLFW_GLAD_GLUT_GLEW_cmake_project\src\Practica_03\projection.c(247,32): warning C4305: 'función': truncamiento de 'double' a 'GLfloat'
C:\Users\aconc\Desktop\Mis_archivos\Computer_Science_UNSA\Computación Gráfica\Laboratorio\GLFW_GLAD_GLUT_GLEW_cmake_project\src\Practica_03\projection.c(327,18): warning C4244: '=': conversión de 'double' a 'float'; posible pérdida de datos
C:\Users\aconc\Desktop\Mis_archivos\Computer_Science_UNSA\Computación Gráfica\Laboratorio\GLFW_GLAD_GLUT_GLEW_cmake_project\src\Practica_03\projection.c(346,30): warning C4244: '=': conversión de 'double' a 'GLuint'; posible pérdida de datos
C:\Users\aconc\Desktop\Mis_archivos\Computer_Science_UNSA\Computación Gráfica\Laboratorio\GLFW_GLAD_GLUT_GLEW_cmake_project\src\Practica_03\projection.c(347,32): warning C4244: '=': conversión de 'double' a 'GLuint'; posible pérdida de datos
C:\Users\aconc\Desktop\Mis_archivos\Computer_Science_UNSA\Computación Gráfica\Laboratorio\GLFW_GLAD_GLUT_GLEW_cmake_project\src\Practica_03\projection.c(363,21): warning C4305: 'función': truncamiento de 'double' a 'GLclampf'
C:\Users\aconc\Desktop\Mis_archivos\Computer_Science_UNSA\Computación Gráfica\Laboratorio\GLFW_GLAD_GLUT_GLEW_cmake_project\src\Practica_03\projection.c(363,26): warning C4305: 'función': truncamiento de 'double' a 'GLclampf'
C:\Users\aconc\Desktop\Mis_archivos\Computer_Science_UNSA\Computación Gráfica\Laboratorio\GLFW_GLAD_GLUT_GLEW_cmake_project\src\Practica_03\projection.c(363,31): warning C4305: 'función': truncamiento de 'double' a 'GLclampf'
C:\Users\aconc\Desktop\Mis_archivos\Computer_Science_UNSA\Computación Gráfica\Laboratorio\GLFW_GLAD_GLUT_GLEW_cmake_project\src\Practica_03\projection.c(473,30): warning C4244: 'función': conversión de 'double' a 'GLfloat'; posible pérdida de datos
C:\Users\aconc\Desktop\Mis_archivos\Computer_Science_UNSA\Computación Gráfica\Laboratorio\GLFW_GLAD_GLUT_GLEW_cmake_project\src\Practica_03\projection.c(474,19): warning C4305: 'función': truncamiento de 'double' a 'GLfloat'
C:\Users\aconc\Desktop\Mis_archivos\Computer_Science_UNSA\Computación Gráfica\Laboratorio\GLFW_GLAD_GLUT_GLEW_cmake_project\src\Practica_03\projection.c(474,30): warning C4244: 'función': conversión de 'double' a 'GLfloat'; posible pérdida de datos
C:\Users\aconc\Desktop\Mis_archivos\Computer_Science_UNSA\Computación Gráfica\Laboratorio\GLFW_GLAD_GLUT_GLEW_cmake_project\src\Practica_03\projection.c(475,20): warning C4305: 'función': truncamiento de 'double' a 'GLfloat'
C:\Users\aconc\Desktop\Mis_archivos\Computer_Science_UNSA\Computación Gráfica\Laboratorio\GLFW_GLAD_GLUT_GLEW_cmake_project\src\Practica_03\projection.c(475,31): warning C4244: 'función': conversión de 'double' a 'GLfloat'; posible pérdida de datos
C:\Users\aconc\Desktop\Mis_archivos\Computer_Science_UNSA\Computación Gráfica\Laboratorio\GLFW_GLAD_GLUT_GLEW_cmake_project\src\Practica_03\projection.c(476,30): warning C4244: 'función': conversión de 'double' a 'GLfloat'; posible pérdida de datos
C:\Users\aconc\Desktop\Mis_archivos\Computer_Science_UNSA\Computación Gráfica\Laboratorio\GLFW_GLAD_GLUT_GLEW_cmake_project\src\Practica_03\projection.c(477,24): warning C4305: 'función': truncamiento de 'double' a 'GLfloat'
C:\Users\aconc\Desktop\Mis_archivos\Computer_Science_UNSA\Computación Gráfica\Laboratorio\GLFW_GLAD_GLUT_GLEW_cmake_project\src\Practica_03\projection.c(477,30): warning C4244: 'función': conversión de 'double' a 'GLfloat'; posible pérdida de datos
C:\Users\aconc\Desktop\Mis_archivos\Computer_Science_UNSA\Computación Gráfica\Laboratorio\GLFW_GLAD_GLUT_GLEW_cmake_project\src\Practica_03\projection.c(478,25): warning C4305: 'función': truncamiento de 'double' a 'GLfloat'
C:\Users\aconc\Desktop\Mis_archivos\Computer_Science_UNSA\Computación Gráfica\Laboratorio\GLFW_GLAD_GLUT_GLEW_cmake_project\src\Practica_03\projection.c(478,31): warning C4244: 'función': conversión de 'double' a 'GLfloat'; posible pérdida de datos
C:\Users\aconc\Desktop\Mis_archivos\Computer_Science_UNSA\Computación Gráfica\Laboratorio\GLFW_GLAD_GLUT_GLEW_cmake_project\src\Practica_03\projection.c(479,30): warning C4244: 'función': conversión de 'double' a 'GLfloat'; posible pérdida de datos
C:\Users\aconc\Desktop\Mis_archivos\Computer_Science_UNSA\Computación Gráfica\Laboratorio\GLFW_GLAD_GLUT_GLEW_cmake_project\src\Practica_03\projection.c(482,33): warning C4244: 'función': conversión de 'double' a 'GLfloat'; posible pérdida de datos
C:\Users\aconc\Desktop\Mis_archivos\Computer_Science_UNSA\Computación Gráfica\Laboratorio\GLFW_GLAD_GLUT_GLEW_cmake_project\src\Practica_03\projection.c(485,17): warning C4305: 'función': truncamiento de 'double' a 'GLfloat'
C:\Users\aconc\Desktop\Mis_archivos\Computer_Science_UNSA\Computación Gráfica\Laboratorio\GLFW_GLAD_GLUT_GLEW_cmake_project\src\Practica_03\projection.c(485,22): warning C4305: 'función': truncamiento de 'double' a 'GLfloat'
C:\Users\aconc\Desktop\Mis_archivos\Computer_Science_UNSA\Computación Gráfica\Laboratorio\GLFW_GLAD_GLUT_GLEW_cmake_project\src\Practica_03\projection.c(485,27): warning C4305: 'función': truncamiento de 'double' a 'GLfloat'
C:\Users\aconc\Desktop\Mis_archivos\Computer_Science_UNSA\Computación Gráfica\Laboratorio\GLFW_GLAD_GLUT_GLEW_cmake_project\src\Practica_03\projection.c(493,18): warning C4305: 'función': truncamiento de 'double' a 'GLfloat'
C:\Users\aconc\Desktop\Mis_archivos\Computer_Science_UNSA\Computación Gráfica\Laboratorio\GLFW_GLAD_GLUT_GLEW_cmake_project\src\Practica_03\projection.c(493,23): warning C4305: 'función': truncamiento de 'double' a 'GLfloat'
C:\Users\aconc\Desktop\Mis_archivos\Computer_Science_UNSA\Computación Gráfica\Laboratorio\GLFW_GLAD_GLUT_GLEW_cmake_project\src\Practica_03\projection.c(493,28): warning C4305: 'función': truncamiento de 'double' a 'GLfloat'
C:\Users\aconc\Desktop\Mis_archivos\Computer_Science_UNSA\Computación Gráfica\Laboratorio\GLFW_GLAD_GLUT_GLEW_cmake_project\src\Practica_03\projection.c(515,18): warning C4305: 'función': truncamiento de 'double' a 'GLfloat'
C:\Users\aconc\Desktop\Mis_archivos\Computer_Science_UNSA\Computación Gráfica\Laboratorio\GLFW_GLAD_GLUT_GLEW_cmake_project\src\Practica_03\projection.c(515,23): warning C4305: 'función': truncamiento de 'double' a 'GLfloat'
C:\Users\aconc\Desktop\Mis_archivos\Computer_Science_UNSA\Computación Gráfica\Laboratorio\GLFW_GLAD_GLUT_GLEW_cmake_project\src\Practica_03\projection.c(515,28): warning C4305: 'función': truncamiento de 'double' a 'GLfloat'
C:\Users\aconc\Desktop\Mis_archivos\Computer_Science_UNSA\Computación Gráfica\Laboratorio\GLFW_GLAD_GLUT_GLEW_cmake_project\src\Practica_03\projection.c(561,21): warning C4305: 'función': truncamiento de 'double' a 'GLclampf'
C:\Users\aconc\Desktop\Mis_archivos\Computer_Science_UNSA\Computación Gráfica\Laboratorio\GLFW_GLAD_GLUT_GLEW_cmake_project\src\Practica_03\projection.c(561,26): warning C4305: 'función': truncamiento de 'double' a 'GLclampf'
C:\Users\aconc\Desktop\Mis_archivos\Computer_Science_UNSA\Computación Gráfica\Laboratorio\GLFW_GLAD_GLUT_GLEW_cmake_project\src\Practica_03\projection.c(561,31): warning C4305: 'función': truncamiento de 'double' a 'GLclampf'
  Generando código...
  Practica_03.vcxproj -> C:\Users\aconc\Desktop\Mis_archivos\Computer_Science_UNSA\Computación Gráfica\Laboratorio\GLFW_GLAD_GLUT_GLEW_cmake_project\build\mak.vc16\x64\src\Practica_03\Debug\Practica_03.exe
